{"/home/kobayashi/Downloads/toh-pt6/src/app/hero.service.ts": {"path":"/home/kobayashi/Downloads/toh-pt6/src/app/hero.service.ts","statementMap":{"0":{"start":{"line":1,"column":0},"end":{"line":1,"column":43}},"1":{"start":{"line":2,"column":0},"end":{"line":2,"column":63}},"2":{"start":{"line":4,"column":0},"end":{"line":4,"column":38}},"3":{"start":{"line":5,"column":0},"end":{"line":5,"column":54}},"4":{"start":{"line":8,"column":0},"end":{"line":8,"column":51}},"5":{"start":{"line":12,"column":0},"end":{"line":123,"column":null}},"6":{"start":{"line":21,"column":12},"end":{"line":21,"column":18}},"7":{"start":{"line":22,"column":12},"end":{"line":22,"column":28}},"8":{"start":{"line":14,"column":10},"end":{"line":14,"column":35}},"9":{"start":{"line":16,"column":2},"end":{"line":18,"column":4}},"10":{"start":{"line":26,"column":4},"end":{"line":30,"column":8}},"11":{"start":{"line":28,"column":17},"end":{"line":28,"column":43}},"12":{"start":{"line":35,"column":16},"end":{"line":35,"column":45}},"13":{"start":{"line":36,"column":4},"end":{"line":44,"column":8}},"14":{"start":{"line":38,"column":22},"end":{"line":38,"column":31}},"15":{"start":{"line":40,"column":26},"end":{"line":40,"column":56}},"16":{"start":{"line":41,"column":10},"end":{"line":41,"column":47}},"17":{"start":{"line":49,"column":16},"end":{"line":49,"column":41}},"18":{"start":{"line":50,"column":4},"end":{"line":53,"column":6}},"19":{"start":{"line":51,"column":15},"end":{"line":51,"column":48}},"20":{"start":{"line":58,"column":4},"end":{"line":61,"column":null}},"21":{"start":{"line":60,"column":6},"end":{"line":60,"column":20}},"22":{"start":{"line":62,"column":4},"end":{"line":67,"column":6}},"23":{"start":{"line":63,"column":15},"end":{"line":65,"column":49}},"24":{"start":{"line":74,"column":4},"end":{"line":77,"column":6}},"25":{"start":{"line":75,"column":29},"end":{"line":75,"column":71}},"26":{"start":{"line":82,"column":15},"end":{"line":82,"column":56}},"27":{"start":{"line":83,"column":16},"end":{"line":83,"column":41}},"28":{"start":{"line":85,"column":4},"end":{"line":88,"column":6}},"29":{"start":{"line":86,"column":15},"end":{"line":86,"column":48}},"30":{"start":{"line":93,"column":4},"end":{"line":96,"column":6}},"31":{"start":{"line":94,"column":15},"end":{"line":94,"column":53}},"32":{"start":{"line":106,"column":4},"end":{"line":116,"column":6}},"33":{"start":{"line":109,"column":6},"end":{"line":109,"column":27}},"34":{"start":{"line":112,"column":6},"end":{"line":112,"column":56}},"35":{"start":{"line":115,"column":6},"end":{"line":115,"column":29}},"36":{"start":{"line":121,"column":4},"end":{"line":121,"column":55}},"37":{"start":{"line":12,"column":13},"end":{"line":123,"column":null}},"38":{"start":{"line":12,"column":13},"end":{"line":12,"column":24}}},"fnMap":{"0":{"name":"(anonymous_0)","decl":{"start":{"line":20,"column":2},"end":{"line":20,"column":null}},"loc":{"start":{"line":22,"column":42},"end":{"line":22,"column":47}}},"1":{"name":"(anonymous_1)","decl":{"start":{"line":25,"column":2},"end":{"line":25,"column":11}},"loc":{"start":{"line":25,"column":11},"end":{"line":31,"column":3}}},"2":{"name":"(anonymous_2)","decl":{"start":{"line":28,"column":12},"end":{"line":28,"column":13}},"loc":{"start":{"line":28,"column":17},"end":{"line":28,"column":43}}},"3":{"name":"(anonymous_3)","decl":{"start":{"line":34,"column":2},"end":{"line":34,"column":14}},"loc":{"start":{"line":34,"column":31},"end":{"line":45,"column":3}}},"4":{"name":"(anonymous_4)","decl":{"start":{"line":38,"column":12},"end":{"line":38,"column":18}},"loc":{"start":{"line":38,"column":22},"end":{"line":38,"column":31}}},"5":{"name":"(anonymous_5)","decl":{"start":{"line":39,"column":12},"end":{"line":39,"column":13}},"loc":{"start":{"line":39,"column":16},"end":{"line":42,"column":9}}},"6":{"name":"(anonymous_6)","decl":{"start":{"line":48,"column":2},"end":{"line":48,"column":9}},"loc":{"start":{"line":48,"column":20},"end":{"line":54,"column":3}}},"7":{"name":"(anonymous_7)","decl":{"start":{"line":51,"column":10},"end":{"line":51,"column":11}},"loc":{"start":{"line":51,"column":15},"end":{"line":51,"column":48}}},"8":{"name":"(anonymous_8)","decl":{"start":{"line":57,"column":2},"end":{"line":57,"column":14}},"loc":{"start":{"line":57,"column":27},"end":{"line":68,"column":3}}},"9":{"name":"(anonymous_9)","decl":{"start":{"line":63,"column":10},"end":{"line":63,"column":11}},"loc":{"start":{"line":63,"column":15},"end":{"line":65,"column":49}}},"10":{"name":"(anonymous_10)","decl":{"start":{"line":73,"column":2},"end":{"line":73,"column":9}},"loc":{"start":{"line":73,"column":20},"end":{"line":78,"column":3}}},"11":{"name":"(anonymous_11)","decl":{"start":{"line":75,"column":10},"end":{"line":75,"column":11}},"loc":{"start":{"line":75,"column":29},"end":{"line":75,"column":71}}},"12":{"name":"(anonymous_12)","decl":{"start":{"line":81,"column":2},"end":{"line":81,"column":12}},"loc":{"start":{"line":81,"column":32},"end":{"line":89,"column":3}}},"13":{"name":"(anonymous_13)","decl":{"start":{"line":86,"column":10},"end":{"line":86,"column":11}},"loc":{"start":{"line":86,"column":15},"end":{"line":86,"column":48}}},"14":{"name":"(anonymous_14)","decl":{"start":{"line":92,"column":2},"end":{"line":92,"column":12}},"loc":{"start":{"line":92,"column":23},"end":{"line":97,"column":3}}},"15":{"name":"(anonymous_15)","decl":{"start":{"line":94,"column":10},"end":{"line":94,"column":11}},"loc":{"start":{"line":94,"column":15},"end":{"line":94,"column":53}}},"16":{"name":"(anonymous_16)","decl":{"start":{"line":105,"column":10},"end":{"line":105,"column":21}},"loc":{"start":{"line":105,"column":60},"end":{"line":117,"column":3}}},"17":{"name":"(anonymous_17)","decl":{"start":{"line":106,"column":11},"end":{"line":106,"column":12}},"loc":{"start":{"line":106,"column":41},"end":{"line":116,"column":5}}},"18":{"name":"(anonymous_18)","decl":{"start":{"line":120,"column":10},"end":{"line":120,"column":13}},"loc":{"start":{"line":120,"column":29},"end":{"line":122,"column":3}}}},"branchMap":{"0":{"loc":{"start":{"line":40,"column":30},"end":{"line":40,"column":39}},"type":"cond-expr","locations":[{"start":{"line":40,"column":30},"end":{"line":40,"column":39}},{"start":{"line":40,"column":42},"end":{"line":40,"column":56}}]},"1":{"loc":{"start":{"line":58,"column":4},"end":{"line":61,"column":null}},"type":"if","locations":[{"start":{"line":58,"column":4},"end":{"line":61,"column":null}},{"start":{"line":58,"column":4},"end":{"line":61,"column":null}}]},"2":{"loc":{"start":{"line":64,"column":9},"end":{"line":64,"column":52}},"type":"cond-expr","locations":[{"start":{"line":64,"column":9},"end":{"line":64,"column":52}},{"start":{"line":65,"column":9},"end":{"line":65,"column":49}}]},"3":{"loc":{"start":{"line":82,"column":42},"end":{"line":82,"column":46}},"type":"cond-expr","locations":[{"start":{"line":82,"column":42},"end":{"line":82,"column":46}},{"start":{"line":82,"column":49},"end":{"line":82,"column":56}}]},"4":{"loc":{"start":{"line":105,"column":37},"end":{"line":105,"column":48}},"type":"default-arg","locations":[{"start":{"line":105,"column":37},"end":{"line":105,"column":48}}]}},"s":{"0":2,"1":2,"2":2,"3":2,"4":2,"5":2,"6":3,"7":3,"8":3,"9":3,"10":1,"11":1,"12":0,"13":0,"14":0,"15":0,"16":0,"17":0,"18":0,"19":0,"20":0,"21":0,"22":0,"23":0,"24":0,"25":0,"26":0,"27":0,"28":0,"29":0,"30":0,"31":0,"32":1,"33":0,"34":0,"35":0,"36":1,"37":2,"38":2},"f":{"0":3,"1":1,"2":1,"3":0,"4":0,"5":0,"6":0,"7":0,"8":0,"9":0,"10":0,"11":0,"12":0,"13":0,"14":0,"15":0,"16":1,"17":0,"18":1},"b":{"0":[0,0],"1":[0,0],"2":[0,0],"3":[0,0],"4":[0]}}
,"/home/kobayashi/Downloads/toh-pt6/src/app/message.service.ts": {"path":"/home/kobayashi/Downloads/toh-pt6/src/app/message.service.ts","statementMap":{"0":{"start":{"line":1,"column":0},"end":{"line":1,"column":43}},"1":{"start":{"line":4,"column":0},"end":{"line":14,"column":null}},"2":{"start":{"line":5,"column":2},"end":{"line":5,"column":26}},"3":{"start":{"line":8,"column":4},"end":{"line":8,"column":32}},"4":{"start":{"line":12,"column":4},"end":{"line":12,"column":23}},"5":{"start":{"line":4,"column":13},"end":{"line":14,"column":null}},"6":{"start":{"line":4,"column":13},"end":{"line":4,"column":27}}},"fnMap":{"0":{"name":"(anonymous_0)","decl":{"start":{"line":4,"column":0},"end":{"line":4,"column":13}},"loc":{"start":{"line":4,"column":0},"end":{"line":14,"column":1}}},"1":{"name":"(anonymous_1)","decl":{"start":{"line":7,"column":2},"end":{"line":7,"column":5}},"loc":{"start":{"line":7,"column":21},"end":{"line":9,"column":3}}},"2":{"name":"(anonymous_2)","decl":{"start":{"line":11,"column":2},"end":{"line":11,"column":7}},"loc":{"start":{"line":11,"column":7},"end":{"line":13,"column":3}}}},"branchMap":{},"s":{"0":2,"1":2,"2":3,"3":1,"4":0,"5":2,"6":2},"f":{"0":3,"1":1,"2":0},"b":{}}
,"/home/kobayashi/Downloads/toh-pt6/src/app/mock-heroes.ts": {"path":"/home/kobayashi/Downloads/toh-pt6/src/app/mock-heroes.ts","statementMap":{"0":{"start":{"line":3,"column":13},"end":{"line":14,"column":2}}},"fnMap":{},"branchMap":{},"s":{"0":1},"f":{},"b":{}}
,"/home/kobayashi/Downloads/toh-pt6/src/app/dashboard/dashboard.component.html": {"path":"/home/kobayashi/Downloads/toh-pt6/src/app/dashboard/dashboard.component.html","statementMap":{"0":{"start":{"line":1,"column":0},"end":{"line":1,"column":289}}},"fnMap":{},"branchMap":{},"s":{"0":1},"f":{},"b":{},"inputSourceMap":null,"_coverageSchema":"1a1c01bbd47fc00a2c39e90264f33305004495a9","hash":"0a18207ee1970c68bb99439399bc322baa1c7583"}
,"/home/kobayashi/Downloads/toh-pt6/src/app/dashboard/dashboard.component.ts": {"path":"/home/kobayashi/Downloads/toh-pt6/src/app/dashboard/dashboard.component.ts","statementMap":{"0":{"start":{"line":1,"column":0},"end":{"line":1,"column":50}},"1":{"start":{"line":3,"column":0},"end":{"line":3,"column":46}},"2":{"start":{"line":10,"column":0},"end":{"line":23,"column":null}},"3":{"start":{"line":13,"column":22},"end":{"line":13,"column":35}},"4":{"start":{"line":11,"column":2},"end":{"line":11,"column":22}},"5":{"start":{"line":16,"column":4},"end":{"line":16,"column":21}},"6":{"start":{"line":20,"column":4},"end":{"line":21,"column":61}},"7":{"start":{"line":21,"column":27},"end":{"line":21,"column":59}},"8":{"start":{"line":10,"column":13},"end":{"line":23,"column":null}},"9":{"start":{"line":10,"column":13},"end":{"line":10,"column":31}}},"fnMap":{"0":{"name":"(anonymous_0)","decl":{"start":{"line":13,"column":2},"end":{"line":13,"column":22}},"loc":{"start":{"line":13,"column":46},"end":{"line":13,"column":51}}},"1":{"name":"(anonymous_1)","decl":{"start":{"line":15,"column":2},"end":{"line":15,"column":10}},"loc":{"start":{"line":15,"column":10},"end":{"line":17,"column":3}}},"2":{"name":"(anonymous_2)","decl":{"start":{"line":19,"column":2},"end":{"line":19,"column":11}},"loc":{"start":{"line":19,"column":11},"end":{"line":22,"column":3}}},"3":{"name":"(anonymous_3)","decl":{"start":{"line":21,"column":17},"end":{"line":21,"column":23}},"loc":{"start":{"line":21,"column":27},"end":{"line":21,"column":59}}}},"branchMap":{},"s":{"0":1,"1":1,"2":1,"3":1,"4":1,"5":0,"6":0,"7":0,"8":1,"9":1},"f":{"0":1,"1":0,"2":0,"3":0},"b":{}}
,"/home/kobayashi/Downloads/toh-pt6/src/app/hero-search/hero-search.component.html": {"path":"/home/kobayashi/Downloads/toh-pt6/src/app/hero-search/hero-search.component.html","statementMap":{"0":{"start":{"line":1,"column":0},"end":{"line":1,"column":379}}},"fnMap":{},"branchMap":{},"s":{"0":1},"f":{},"b":{},"inputSourceMap":null,"_coverageSchema":"1a1c01bbd47fc00a2c39e90264f33305004495a9","hash":"458e2a32d0d438963f6f899cea28fb041ed0ea22"}
,"/home/kobayashi/Downloads/toh-pt6/src/app/hero-search/hero-search.component.ts": {"path":"/home/kobayashi/Downloads/toh-pt6/src/app/hero-search/hero-search.component.ts","statementMap":{"0":{"start":{"line":1,"column":0},"end":{"line":1,"column":50}},"1":{"start":{"line":3,"column":0},"end":{"line":3,"column":43}},"2":{"start":{"line":5,"column":0},"end":{"line":5,"column":null}},"3":{"start":{"line":10,"column":0},"end":{"line":10,"column":46}},"4":{"start":{"line":17,"column":0},"end":{"line":40,"column":null}},"5":{"start":{"line":21,"column":22},"end":{"line":21,"column":35}},"6":{"start":{"line":19,"column":10},"end":{"line":19,"column":46}},"7":{"start":{"line":25,"column":4},"end":{"line":25,"column":32}},"8":{"start":{"line":29,"column":4},"end":{"line":38,"column":6}},"9":{"start":{"line":37,"column":34},"end":{"line":37,"column":69}},"10":{"start":{"line":17,"column":13},"end":{"line":40,"column":null}},"11":{"start":{"line":17,"column":13},"end":{"line":17,"column":32}}},"fnMap":{"0":{"name":"(anonymous_0)","decl":{"start":{"line":21,"column":2},"end":{"line":21,"column":22}},"loc":{"start":{"line":21,"column":46},"end":{"line":21,"column":50}}},"1":{"name":"(anonymous_1)","decl":{"start":{"line":24,"column":2},"end":{"line":24,"column":8}},"loc":{"start":{"line":24,"column":21},"end":{"line":26,"column":3}}},"2":{"name":"(anonymous_2)","decl":{"start":{"line":28,"column":2},"end":{"line":28,"column":10}},"loc":{"start":{"line":28,"column":10},"end":{"line":39,"column":3}}},"3":{"name":"(anonymous_3)","decl":{"start":{"line":37,"column":16},"end":{"line":37,"column":17}},"loc":{"start":{"line":37,"column":34},"end":{"line":37,"column":69}}}},"branchMap":{},"s":{"0":1,"1":1,"2":1,"3":1,"4":1,"5":1,"6":1,"7":0,"8":0,"9":0,"10":1,"11":1},"f":{"0":1,"1":0,"2":0,"3":0},"b":{}}
,"/home/kobayashi/Downloads/toh-pt6/src/app/heroes/heroes.component.html": {"path":"/home/kobayashi/Downloads/toh-pt6/src/app/heroes/heroes.component.html","statementMap":{"0":{"start":{"line":1,"column":0},"end":{"line":1,"column":561}}},"fnMap":{},"branchMap":{},"s":{"0":1},"f":{},"b":{},"inputSourceMap":null,"_coverageSchema":"1a1c01bbd47fc00a2c39e90264f33305004495a9","hash":"934035b844c17551e97228304e39f42ae37a7875"}
,"/home/kobayashi/Downloads/toh-pt6/src/app/heroes/heroes.component.ts": {"path":"/home/kobayashi/Downloads/toh-pt6/src/app/heroes/heroes.component.ts","statementMap":{"0":{"start":{"line":1,"column":0},"end":{"line":1,"column":50}},"1":{"start":{"line":4,"column":0},"end":{"line":4,"column":46}},"2":{"start":{"line":11,"column":0},"end":{"line":39,"column":null}},"3":{"start":{"line":14,"column":22},"end":{"line":14,"column":35}},"4":{"start":{"line":17,"column":4},"end":{"line":17,"column":21}},"5":{"start":{"line":21,"column":4},"end":{"line":22,"column":47}},"6":{"start":{"line":22,"column":25},"end":{"line":22,"column":45}},"7":{"start":{"line":26,"column":4},"end":{"line":26,"column":23}},"8":{"start":{"line":27,"column":4},"end":{"line":27,"column":null}},"9":{"start":{"line":27,"column":17},"end":{"line":27,"column":24}},"10":{"start":{"line":28,"column":4},"end":{"line":31,"column":9}},"11":{"start":{"line":30,"column":8},"end":{"line":30,"column":31}},"12":{"start":{"line":35,"column":4},"end":{"line":35,"column":54}},"13":{"start":{"line":35,"column":42},"end":{"line":35,"column":52}},"14":{"start":{"line":36,"column":4},"end":{"line":36,"column":50}},"15":{"start":{"line":11,"column":13},"end":{"line":39,"column":null}},"16":{"start":{"line":11,"column":13},"end":{"line":11,"column":28}}},"fnMap":{"0":{"name":"(anonymous_0)","decl":{"start":{"line":14,"column":2},"end":{"line":14,"column":22}},"loc":{"start":{"line":14,"column":46},"end":{"line":14,"column":51}}},"1":{"name":"(anonymous_1)","decl":{"start":{"line":16,"column":2},"end":{"line":16,"column":10}},"loc":{"start":{"line":16,"column":10},"end":{"line":18,"column":3}}},"2":{"name":"(anonymous_2)","decl":{"start":{"line":20,"column":2},"end":{"line":20,"column":11}},"loc":{"start":{"line":20,"column":11},"end":{"line":23,"column":3}}},"3":{"name":"(anonymous_3)","decl":{"start":{"line":22,"column":15},"end":{"line":22,"column":21}},"loc":{"start":{"line":22,"column":25},"end":{"line":22,"column":45}}},"4":{"name":"(anonymous_4)","decl":{"start":{"line":25,"column":2},"end":{"line":25,"column":5}},"loc":{"start":{"line":25,"column":18},"end":{"line":32,"column":3}}},"5":{"name":"(anonymous_5)","decl":{"start":{"line":29,"column":17},"end":{"line":29,"column":21}},"loc":{"start":{"line":29,"column":24},"end":{"line":31,"column":7}}},"6":{"name":"(anonymous_6)","decl":{"start":{"line":34,"column":2},"end":{"line":34,"column":8}},"loc":{"start":{"line":34,"column":19},"end":{"line":37,"column":3}}},"7":{"name":"(anonymous_7)","decl":{"start":{"line":35,"column":37},"end":{"line":35,"column":38}},"loc":{"start":{"line":35,"column":42},"end":{"line":35,"column":52}}}},"branchMap":{"0":{"loc":{"start":{"line":27,"column":4},"end":{"line":27,"column":null}},"type":"if","locations":[{"start":{"line":27,"column":4},"end":{"line":27,"column":null}},{"start":{"line":27,"column":4},"end":{"line":27,"column":null}}]}},"s":{"0":1,"1":1,"2":1,"3":1,"4":0,"5":0,"6":0,"7":0,"8":0,"9":0,"10":0,"11":0,"12":0,"13":0,"14":0,"15":1,"16":1},"f":{"0":1,"1":0,"2":0,"3":0,"4":0,"5":0,"6":0,"7":0},"b":{"0":[0,0]}}
}
